11:54:35 **** Incremental Build of configuration Debug for project CPPEXE ****
make all 
Building file: ../main.cc
Invoking: GCC C++ Compiler
g++ -O0 -g3 -Wall -c -fmessage-length=0 -MMD -MP -MF"main.d" -MT"main.o" -o "main.o" "../main.cc"
../main.cc:3:10: fatal error: stack/mac/amc/NRAmc.h: No such file or directory
    3 | #include "stack/mac/amc/NRAmc.h"
      |          ^~~~~~~~~~~~~~~~~~~~~~~
compilation terminated.
make: *** [subdir.mk:20: main.o] Error 1
"make all" terminated with exit code 2. Build might be incomplete.

11:54:35 Build Failed. 2 errors, 0 warnings. (took 169ms)

