11:49:53 **** Build of configuration debug for project CPPTEST ****
make MODE=debug all 
main.cc
main.cc:5:10: fatal error: 'stack/mac/amc/NRAmc.h' file not found
#include "stack/mac/amc/NRAmc.h"
         ^~~~~~~~~~~~~~~~~~~~~~~
1 error generated.
make: *** [Makefile:114: ../out/clang-debug/src/main.o] Error 1
"make MODE=debug all" terminated with exit code 2. Build might be incomplete.

11:49:54 Build Failed. 2 errors, 0 warnings. (took 568ms)

